<?xml version="1.0" encoding="UTF-8"?>
<!-- Generated by org.testng.reporters.JUnitReportReporter -->
<testsuite hostname="DESKTOP-UDIRQKO" failures="0" tests="1" name="restframeworktests.TC1RS_GetWeatherDetails" time="2.046" errors="0" timestamp="2020-04-01T12:24:10 EDT" skipped="0">
  <testcase classname="restframeworktests.TC1RS_GetWeatherDetails" name="validateResponseStatusCode" time="2.046"/>
  <system-out/>
</testsuite> <!-- restframeworktests.TC1RS_GetWeatherDetails -->
