<?xml version="1.0" encoding="UTF-8"?>
<!-- Generated by org.testng.reporters.JUnitReportReporter -->
<testsuite hostname="DESKTOP-UDIRQKO" failures="0" tests="1" name="APIAutomation.APIAutomation.TC1_GetWeatherDetails" time="2.297" errors="0" timestamp="2020-04-05T20:27:46 EDT" skipped="0">
  <testcase classname="APIAutomation.APIAutomation.TC1_GetWeatherDetails" name="getWeatherDetails" time="2.297"/>
  <system-out/>
</testsuite> <!-- APIAutomation.APIAutomation.TC1_GetWeatherDetails -->
