<?xml version="1.0" encoding="UTF-8"?>
<!-- Generated by org.testng.reporters.JUnitReportReporter -->
<testsuite hostname="DESKTOP-UDIRQKO" failures="0" tests="1" name="APIAutomation.APIAutomation.ExcelDataExtract" time="0.000" errors="0" timestamp="2020-04-03T23:33:11 EDT" skipped="1">
  <testcase classname="APIAutomation.APIAutomation.ExcelDataExtract" name="postRegistrationProcess" time="0.000">
    <skipped/>
  </testcase> <!-- postRegistrationProcess -->
  <system-out/>
</testsuite> <!-- APIAutomation.APIAutomation.ExcelDataExtract -->
