<?xml version="1.0" encoding="UTF-8"?>
<!-- Generated by org.testng.reporters.JUnitReportReporter -->
<testsuite hostname="DESKTOP-UDIRQKO" failures="0" tests="1" name="APIAutomation.APIAutomation.OccurOfLetter$NoOfOccurenceOfCharacters" time="0.024" errors="0" timestamp="2020-04-16T08:29:53 EDT" skipped="0">
  <testcase classname="APIAutomation.APIAutomation.OccurOfLetter$NoOfOccurenceOfCharacters" name="getOccuringChar" time="0.024"/>
  <system-out/>
</testsuite> <!-- APIAutomation.APIAutomation.OccurOfLetter$NoOfOccurenceOfCharacters -->
