<?xml version="1.0" encoding="UTF-8"?>
<!-- Generated by org.testng.reporters.JUnitReportReporter -->
<testsuite hostname="DESKTOP-UDIRQKO" failures="0" tests="1" name="APIAutomation.APIAutomation.ExtrNumFrmString" time="0.009" errors="0" timestamp="2020-04-19T12:27:04 EDT" skipped="0">
  <testcase classname="APIAutomation.APIAutomation.ExtrNumFrmString" name="sortWithoutFunctions" time="0.009"/>
  <system-out/>
</testsuite> <!-- APIAutomation.APIAutomation.ExtrNumFrmString -->
