<?xml version="1.0" encoding="UTF-8"?>
<!-- Generated by org.testng.reporters.JUnitReportReporter -->
<testsuite hostname="DESKTOP-UDIRQKO" failures="0" tests="1" name="APIAutomation.APIAutomation.StringPossibleCombinations" time="1.679" errors="0" timestamp="2020-04-18T15:18:56 EDT" skipped="0">
  <testcase classname="APIAutomation.APIAutomation.StringPossibleCombinations" name="postResitrationSucessful" time="1.679"/>
  <system-out/>
</testsuite> <!-- APIAutomation.APIAutomation.StringPossibleCombinations -->
